<?xml version="1.0" encoding="UTF-8"?>
<testsuite name="FlashcardsTest" tests="1" skipped="0" failures="0" errors="0" timestamp="2026-01-30T16:16:48.664Z" hostname="TRAYANA" time="0.039">
  <properties/>
  <testcase name="start" classname="FlashcardsTest" time="0.039"/>
  <system-out><![CDATA[?[1;31m
Start test 1?[0m
Card:
> brusque
brusque
Definition:
> short and abrupt
short and abrupt
?[1;31m
Start test 2?[0m
Card:
> (a + b)^2
(a + b)^2
Definition:
> a^2 + b^2 + 2ab
a^2 + b^2 + 2ab
]]></system-out>
  <system-err><![CDATA[]]></system-err>
</testsuite>
